--- Items removed from headings_detailed ---
{"prefix": "", "text": "Khả năng tương tác", "suffix": "", "style": "bold", "page_num": 11, "block_num": 29, "bbox": [99.26399993896484, 418.97802734375, 132.73199462890625, 473.6920166015625]}
{"prefix": "", "text": "Tính hiệu quả", "suffix": "", "style": "bold", "page_num": 20, "block_num": 31, "bbox": [99.26399993896484, 475.28802490234375, 171.323974609375, 488.572021484375]}
{"prefix": "", "text": "Chỉ tiêu về cam kết, dịch vụ và các yêu cầu khác", "suffix": "", "style": "bold", "page_num": 30, "block_num": 25, "bbox": [99.26399993896484, 351.0580139160156, 348.8900146484375, 364.3420104980469]}

--- Items removed from headings_detailed ---
{"prefix": "11.1.9", "text": "Chức năng vận hành", "suffix": "", "style": "bold", "page_num": 130, "block_num": 15, "bbox": [88.2239990234375, 514.8994140625, 189.01998901367188, 527.1206665039062]}
{"prefix": "11.2.31", "text": "Báo cáo chat", "suffix": "", "style": "bold", "page_num": 145, "block_num": 11, "bbox": [88.2239990234375, 531.33935546875, 356.0899963378906, 547.400634765625]}
{"prefix": "11.2.42", "text": "Luồng chat", "suffix": "", "style": "bold", "page_num": 146, "block_num": 15, "bbox": [88.2239990234375, 522.2193603515625, 252.5, 534.440673828125]}

--- Items removed from headings_detailed ---
{"prefix": "", "text": "3. Video kỹ thuật cắt plasma cơ bản", "suffix": "", "style": "bold", "page_num": 4, "block_num": 2, "bbox": [99.26399993896484, 121.8499526977539, 389.1700134277344, 142.0279541015625]}
{"prefix": "", "text": "4. Kỹ thuật cơ bản khi cắt plasma", "suffix": "", "style": "bold", "page_num": 4, "block_num": 6, "bbox": [99.26399993896484, 245.8400115966797, 373.0899963378906, 266.01800537109375]}

--- Items removed from headings_detailed ---
{"prefix": "", "text": "1.4 Hệ thống truyền động", "suffix": "", "style": "bold", "page_num": 2, "block_num": 4, "bbox": [99.26399993896484, 189.99374389648438, 262.1600036621094, 205.7325897216797]}
{"prefix": "", "text": "1.7 Hệ thống lái và hệ thống điều khiển", "suffix": "", "style": "bold", "page_num": 3, "block_num": 9, "bbox": [99.26399993896484, 307.3837585449219, 346.6600036621094, 323.12261962890625]}
{"prefix": "", "text": "1.10 Yêu cầu đối với đường thử phanh", "suffix": "", "style": "bold", "page_num": 5, "block_num": 5, "bbox": [99.26399993896484, 211.4911651611328, 317.69000244140625, 226.0193328857422]}

--- Items removed from headings_detailed ---
{"prefix": "", "text": "10. Độ bền gấp", "suffix": "", "style": "bold", "page_num": 5, "block_num": 8, "bbox": [99.26399993896484, 432.9411926269531, 190.34576416015625, 447.4693298339844]}

--- Items removed from headings_detailed ---
{"prefix": "", "text": "10. Chip set", "suffix": "", "style": "bold", "page_num": 5, "block_num": 2, "bbox": [99.26399993896484, 550.0611572265625, 176.66000366210938, 564.58935546875]}

--- Items removed from headings_detailed ---
{"prefix": "", "text": "3.2 Khối lượng xây dựng mở rộng", "suffix": "", "style": "bold", "page_num": 3, "block_num": 5, "bbox": [99.26399993896484, 614.171142578125, 299.2099914550781, 628.6993408203125]}
{"prefix": "", "text": "3.3 Thời gian đóng rắn nhanh hơn với Monomàn hình LCD mạ crôm", "suffix": "", "style": "bold", "page_num": 3, "block_num": 7, "bbox": [99.26399993896484, 754.711181640625, 494.5, 769.2393798828125]}
{"prefix": "", "text": "3.4 Tăng cường độ ổn định và độ bền", "suffix": "", "style": "bold", "page_num": 4, "block_num": 2, "bbox": [99.26399993896484, 236.93116760253906, 316.72998046875, 251.45933532714844]}
{"prefix": "", "text": "3.5 Giao diện thân thiện với người dùng", "suffix": "", "style": "bold", "page_num": 4, "block_num": 4, "bbox": [99.26399993896484, 410.3811950683594, 332.22998046875, 424.9093322753906]}
{"prefix": "", "text": "3.6 Khả năng tương thích với nhiều loại nhựa khác nhau", "suffix": "", "style": "bold", "page_num": 4, "block_num": 6, "bbox": [99.26399993896484, 583.93115234375, 424.989990234375, 598.4593505859375]}

--- Items removed from headings_detailed ---
{"prefix": "", "text": "3.2 Quy hoạch hệ thống giao thông trong đô thị", "suffix": "", "style": "bold", "page_num": 5, "block_num": 4, "bbox": [99.38400268554688, 366.0811767578125, 372.9100036621094, 380.60931396484375]}
{"prefix": "", "text": "3.3 Quy hoạch các công trình phục vụ giao thông trong đô thị", "suffix": "", "style": "bold", "page_num": 11, "block_num": 3, "bbox": [99.38400268554688, 209.69117736816406, 453.6999816894531, 224.21934509277344]}
{"prefix": "", "text": "3.4 Quy hoạch đảm bảo an toàn giao thông đô thị", "suffix": "", "style": "bold", "page_num": 12, "block_num": 11, "bbox": [99.38400268554688, 280.4012145996094, 384.0699768066406, 294.9293518066406]}

--- Items removed from headings_detailed ---
{"prefix": "", "text": "GẠCH ỐP/LÁT", "suffix": "", "style": "bold", "page_num": 15, "block_num": 31, "bbox": [109.22000122070312, 267.0533752441406, 188.6599884033203, 279.274658203125]}
{"prefix": "", "text": "SƠN NỘI THẤT", "suffix": "", "style": "bold", "page_num": 29, "block_num": 25, "bbox": [109.22000122070312, 394.9933776855469, 192.01998901367188, 407.21466064453125]}

--- Items removed from headings_detailed ---
{"prefix": "", "text": "a. Tôn Austnam", "suffix": "", "style": "bold", "page_num": 18, "block_num": 34, "bbox": [120.0199966430664, 335.953369140625, 198.25999450683594, 348.1746520996094]}

--- Items removed from headings_detailed ---
{"prefix": "*", "text": "Sơn nội thất", "suffix": "", "style": "bold", "page_num": 24, "block_num": 44, "bbox": [109.81999969482422, 447.668701171875, 139.62294006347656, 466.8203125]}

--- Items removed from headings_detailed ---
{"prefix": "", "text": "1. PHÍM CHỨC NĂNG CỦA MÁY TÍNH", "suffix": "", "style": "bold", "page_num": 1, "block_num": 0, "bbox": [90.02400207519531, 122.0912094116211, 332.9499816894531, 136.61936950683594]}
{"prefix": "", "text": "2. CÁC PHÍM CHỮ CÁI", "suffix": "", "style": "bold", "page_num": 3, "block_num": 10, "bbox": [90.02400207519531, 257.7212219238281, 238.25, 272.2493591308594]}

--- Items removed from headings_detailed ---
{"prefix": "", "text": "2. MÀN HÌNH DESKTOP", "suffix": "", "style": "bold", "page_num": 3, "block_num": 2, "bbox": [90.02400207519531, 411.1300048828125, 234.88999938964844, 424.5820007324219]}
{"prefix": "", "text": "3. CẤU HÌNH MÀN HÌNH LÀM VIỆC", "suffix": "", "style": "bold", "page_num": 4, "block_num": 6, "bbox": [90.02400207519531, 570.72998046875, 302.45001220703125, 584.1819458007812]}
{"prefix": "", "text": "5. CÀI ĐẶT, GỠ BỎ PHẦN MỀM", "suffix": "", "style": "bold", "page_num": 11, "block_num": 1, "bbox": [90.02400207519531, 122.0912094116211, 290.2099914550781, 136.61936950683594]}
{"prefix": "", "text": "6. KIỂM TRA THÔNG TIN HỆ THỐNG", "suffix": "", "style": "bold", "page_num": 12, "block_num": 3, "bbox": [90.02400207519531, 180.8911895751953, 328.1499938964844, 195.4193572998047]}

--- Items removed from headings_detailed ---
{"prefix": "", "text": "3. MẶT SAU", "suffix": "", "style": "bold", "page_num": 4, "block_num": 15, "bbox": [90.02400207519531, 454.54119873046875, 170.90000915527344, 469.0693359375]}

--- Items removed from headings_detailed ---
{"prefix": "", "text": "4. PHÍM ĐẶC BIỆT", "suffix": "", "style": "bold", "page_num": 4, "block_num": 11, "bbox": [90.02400207519531, 365.3612060546875, 212.45001220703125, 379.88934326171875]}
{"prefix": "", "text": "5. PHÍM THAO TÁC", "suffix": "Các phím thao tác sẽ thực thi các chức năng hệ thống sfi dụng thường xuyên như", "style": "bold", "page_num": 6, "block_num": 7, "bbox": [90.02400207519531, 230.69117736816406, 218.9300079345703, 245.21934509277344]}

--- Items removed from headings_detailed ---
{"prefix": "", "text": "2. CÁC DẤU HIỆU CẦN GỌI GIÚP ĐỠ", "suffix": "", "style": "bold", "page_num": 5, "block_num": 0, "bbox": [108.0199966430664, 96.05123138427734, 343.8699951171875, 110.57939147949219]}

--- Items removed from headings_detailed ---
{"prefix": "", "text": "2. Các biểu tượng chuyển động hiện hoạt", "suffix": "", "style": "bold", "page_num": 2, "block_num": 7, "bbox": [108.0199966430664, 232.61122131347656, 343.0299987792969, 247.13938903808594]}

--- Items removed from headings_detailed ---
{"prefix": "", "text": "1. Màn hình cài đặt (Cấp độ giám sát)", "suffix": "", "style": "bold", "page_num": 1, "block_num": 0, "bbox": [90.02400207519531, 130.4911651611328, 308.0899963378906, 145.0193328857422]}
{"prefix": "", "text": "2. Màn hình cài đặt cửa van", "suffix": "", "style": "bold", "page_num": 4, "block_num": 0, "bbox": [90.02400207519531, 112.49117279052734, 253.1300048828125, 127.01933288574219]}

--- Items removed from headings_detailed ---
{"prefix": "", "text": "1. CÁC CHI TIẾT GHÉP CÓ REN", "suffix": "", "style": "bold", "page_num": 1, "block_num": 0, "bbox": [90.02400207519531, 114.53121185302734, 295.1300048828125, 129.0593719482422]}
{"prefix": "", "text": "2. MỐI GHÉP REN", "suffix": "", "style": "bold", "page_num": 3, "block_num": 23, "bbox": [90.02400207519531, 367.5212097167969, 209.57000732421875, 382.0493469238281]}
{"prefix": "", "text": "3. MỐI GHÉP VÍT CẤY", "suffix": "", "style": "bold", "page_num": 4, "block_num": 0, "bbox": [90.02400207519531, 96.53121185302734, 236.57000732421875, 111.05937194824219]}
{"prefix": "", "text": "4. MỐI GHÉP VÍT", "suffix": "", "style": "bold", "page_num": 4, "block_num": 13, "bbox": [90.02400207519531, 655.9312133789062, 205.25, 670.4594116210938]}

--- Items removed from headings_detailed ---
{"prefix": "", "text": "1. KHÁI NIỆM CHUNG", "suffix": "", "style": "bold", "page_num": 1, "block_num": 1, "bbox": [80.90399932861328, 87.53121185302734, 227.0900115966797, 102.05937194824219]}
{"prefix": "", "text": "2. VẼ QUY ƯỚC LÒ XO", "suffix": "", "style": "bold", "page_num": 2, "block_num": 6, "bbox": [80.90399932861328, 212.57118225097656, 230.2100067138672, 227.09934997558594]}

--- Items removed from headings_detailed ---
{"prefix": "", "text": "1. Phạm vi áp dụng", "suffix": "", "style": "bold", "page_num": 1, "block_num": 0, "bbox": [90.02400207519531, 130.3711700439453, 205.61000061035156, 144.8993377685547]}

--- Items removed from headings_detailed ---
{"prefix": "", "text": "1. Phạm vi áp dụng", "suffix": "", "style": "bold", "page_num": 1, "block_num": 0, "bbox": [90.02400207519531, 130.3711700439453, 205.61000061035156, 144.8993377685547]}
{"prefix": "", "text": "2. Ký hiệu cửa đi", "suffix": "", "style": "bold", "page_num": 1, "block_num": 6, "bbox": [90.02400207519531, 288.92120361328125, 192.3800048828125, 303.4493408203125]}
{"prefix": "", "text": "3. Ký hiệu cầu thang và đường dốc", "suffix": "", "style": "bold", "page_num": 3, "block_num": 12, "bbox": [90.02400207519531, 328.5212097167969, 290.92999267578125, 343.0493469238281]}

--- Items removed from headings_detailed ---
{"prefix": "", "text": "1. GIỚI THIỆU", "suffix": "", "style": "bold", "page_num": 1, "block_num": 1, "bbox": [74.66400146484375, 81.51119232177734, 171.3800048828125, 96.03935241699219]}
{"prefix": "", "text": "2. MỤC TIÊU", "suffix": "", "style": "bold", "page_num": 1, "block_num": 5, "bbox": [74.66400146484375, 188.21119689941406, 162.02000427246094, 202.73936462402344]}
{"prefix": "", "text": "3. MỘT SỐ KÍ HIỆU QUY ƯỚC TRONG BẢN VẼ SƠ ĐỒ HỆ THỐNG ĐIỆN:", "suffix": "", "style": "bold", "page_num": 1, "block_num": 12, "bbox": [74.66400146484375, 387.56121826171875, 525.9400024414062, 402.08935546875]}
{"prefix": "", "text": "4. CÁC LOẠI SƠ ĐỒ ĐIỆN:", "suffix": "", "style": "bold", "page_num": 3, "block_num": 15, "bbox": [74.66400146484375, 402.9212341308594, 242.8100128173828, 417.4493713378906]}

--- Items removed from headings_detailed ---
{"prefix": "", "text": "1. GIỚI THIỆU:", "suffix": "", "style": "bold", "page_num": 1, "block_num": 0, "bbox": [90.02400207519531, 128.33119201660156, 190.94000244140625, 142.85935974121094]}
{"prefix": "", "text": "2. MỤC TIÊU:", "suffix": "", "style": "bold", "page_num": 1, "block_num": 7, "bbox": [90.02400207519531, 307.4012145996094, 181.70001220703125, 321.9293518066406]}
{"prefix": "", "text": "3. NỘI DUNG CHÍNH:", "suffix": "", "style": "bold", "page_num": 1, "block_num": 10, "bbox": [90.02400207519531, 398.481201171875, 229.010009765625, 413.00933837890625]}
{"prefix": "", "text": "Vẽ các ký hiệu điện trong sơ đồ điện chiếu sáng: Nguồn điện", "suffix": "", "style": "bold", "page_num": 3, "block_num": 31, "bbox": [72.02400207519531, 685.746337890625, 431.1400146484375, 701.2886352539062]}

--- Items removed from headings_detailed ---
{"prefix": "", "text": "1. Ký hiệu vách ngăn", "suffix": "", "style": "bold", "page_num": 1, "block_num": 0, "bbox": [90.02400207519531, 153.0512237548828, 214.80467224121094, 167.5793914794922]}

